[0.00000] [Обратите внимание] Не удалось установить соединение с базой данных
[0.00009] [Ошибка] Настройки MySQL неверны
[0.00000] [Обратите внимание] Не удалось установить соединение с базой данных
[0.00009] [Ошибка] Настройки MySQL неверны
[0.00000] [Обратите внимание] Создание схемы базы данных
[0.47604] [Обратите внимание] Импорт данных
[1.03275] [Обратите внимание] Установка дополнительного языка ru
[2.07935] [Обратите внимание] Установка дополнительного языка en
[0.00000] [Ошибка] /var/www/config.local.php - нет прав на чтение и запись (666)
[0.00006] [Ошибка] /var/www/images - (а также все поддиректории) - нет прав на чтение, запись и исполнение для всех пользователей (777)
[0.00008] [Ошибка] /var/www/design - (а также все поддиректории) - нет прав на чтение, запись и исполнение для всех пользователей (777)
[0.02835] [Ошибка] Конфигурация сервера не удовлетворяет системным требованиям. Свяжитесь с вашим системным администратором или службой поддержки хостинга для решения возникших проблем
[0.02838] [Ошибка] Для перечисленных ниже файлов и/или папок установлены неверные права доступа.
[0.00000] [Ошибка] /var/www/config.local.php - нет прав на чтение и запись (666)
[0.00005] [Ошибка] /var/www/images - (а также все поддиректории) - нет прав на чтение, запись и исполнение для всех пользователей (777)
[0.00008] [Ошибка] /var/www/design - (а также все поддиректории) - нет прав на чтение, запись и исполнение для всех пользователей (777)
[0.03081] [Ошибка] Конфигурация сервера не удовлетворяет системным требованиям. Свяжитесь с вашим системным администратором или службой поддержки хостинга для решения возникших проблем
[0.03086] [Ошибка] Для перечисленных ниже файлов и/или папок установлены неверные права доступа.
[0.00000] [Ошибка] /var/www/config.local.php - нет прав на чтение и запись (666)
[0.00004] [Ошибка] /var/www/images - (а также все поддиректории) - нет прав на чтение, запись и исполнение для всех пользователей (777)
[0.00007] [Ошибка] /var/www/design - (а также все поддиректории) - нет прав на чтение, запись и исполнение для всех пользователей (777)
[0.02785] [Ошибка] Конфигурация сервера не удовлетворяет системным требованиям. Свяжитесь с вашим системным администратором или службой поддержки хостинга для решения возникших проблем
[0.02788] [Ошибка] Для перечисленных ниже файлов и/или папок установлены неверные права доступа.
[0.00000] [Ошибка] /var/www/config.local.php - нет прав на чтение и запись (666)
[0.00004] [Ошибка] /var/www/images - (а также все поддиректории) - нет прав на чтение, запись и исполнение для всех пользователей (777)
[0.00008] [Ошибка] /var/www/design - (а также все поддиректории) - нет прав на чтение, запись и исполнение для всех пользователей (777)
[0.02566] [Ошибка] Конфигурация сервера не удовлетворяет системным требованиям. Свяжитесь с вашим системным администратором или службой поддержки хостинга для решения возникших проблем
[0.02569] [Ошибка] Для перечисленных ниже файлов и/или папок установлены неверные права доступа.
[0.00000] [Ошибка] /var/www/config.local.php - нет прав на чтение и запись (666)
[0.00006] [Ошибка] /var/www/images - (а также все поддиректории) - нет прав на чтение, запись и исполнение для всех пользователей (777)
[0.00008] [Ошибка] /var/www/design - (а также все поддиректории) - нет прав на чтение, запись и исполнение для всех пользователей (777)
[0.03610] [Ошибка] Конфигурация сервера не удовлетворяет системным требованиям. Свяжитесь с вашим системным администратором или службой поддержки хостинга для решения возникших проблем
[0.03614] [Ошибка] Для перечисленных ниже файлов и/или папок установлены неверные права доступа.
[0.00000] [Ошибка] Конфигурация сервера не удовлетворяет системным требованиям. Свяжитесь с вашим системным администратором или службой поддержки хостинга для решения возникших проблем
